Using pre-set license
Built from '2020.3/staging' branch; Version is '2020.3.3f1 (76626098c1c4) revision 7758432'; Using compiler version '192528614'; Build Type 'Release'
OS: 'Windows 10 Education; OS build 18363.1621; Version 1909; 64bit' Language: 'ru' Physical Memory: 16276 MB
BatchMode: 1, IsHumanControllingUs: 0, StartBugReporterOnCrash: 0, Is64bit: 1, IsPro: 0

 COMMAND LINE ARGUMENTS:
C:\Program Files\Unity\Hub\Editor\2020.3.3f1\Editor\Unity.exe
-adb2
-batchMode
-noUpm
-name
AssetImportWorker0
-projectPath
D:/unityProject/testAltaGames
-logFile
Logs/AssetImportWorker0.log
-srvPort
61707
Successfully changed project path to: D:/unityProject/testAltaGames
D:/unityProject/testAltaGames
Using Asset Import Pipeline V2.
Refreshing native plugins compatible for Editor in 33.38 ms, found 0 plugins.
Preloading 0 native plugins for Editor in 0.00 ms.
Initialize engine version: 2020.3.3f1 (76626098c1c4)
[Subsystems] Discovering subsystems at path C:/Program Files/Unity/Hub/Editor/2020.3.3f1/Editor/Data/Resources/UnitySubsystems
[Subsystems] Discovering subsystems at path D:/unityProject/testAltaGames/Assets
GfxDevice: creating device client; threaded=0
Direct3D:
    Version:  Direct3D 11.0 [level 11.1]
    Renderer: NVIDIA GeForce GTX 1050 (ID=0x1c8d)
    Vendor:   
    VRAM:     4021 MB
    Driver:   23.21.13.9125
Initialize mono
Mono path[0] = 'C:/Program Files/Unity/Hub/Editor/2020.3.3f1/Editor/Data/Managed'
Mono path[1] = 'C:/Program Files/Unity/Hub/Editor/2020.3.3f1/Editor/Data/MonoBleedingEdge/lib/mono/unityjit'
Mono config path = 'C:/Program Files/Unity/Hub/Editor/2020.3.3f1/Editor/Data/MonoBleedingEdge/etc'
Using monoOptions --debugger-agent=transport=dt_socket,embedding=1,server=y,suspend=n,address=127.0.0.1:56580
Begin MonoManager ReloadAssembly
Registering precompiled unity dll's ...
Register platform support module: C:/Program Files/Unity/Hub/Editor/2020.3.3f1/Editor/Data/PlaybackEngines/WebGLSupport/UnityEditor.WebGL.Extensions.dll
Register platform support module: C:/Program Files/Unity/Hub/Editor/2020.3.3f1/Editor/Data/PlaybackEngines/WindowsStandaloneSupport/UnityEditor.WindowsStandalone.Extensions.dll
Registered in 0.022172 seconds.
Native extension for WindowsStandalone target not found
Native extension for WebGL target not found
Refreshing native plugins compatible for Editor in 32.60 ms, found 0 plugins.
Preloading 0 native plugins for Editor in 0.00 ms.
Invoked RoslynAnalysisRunner static constructor.
RoslynAnalysisRunner will not be running.
RoslynAnalysisRunner has terminated.
Mono: successfully reloaded assembly
- Completed reload, in  1.951 seconds
Platform modules already initialized, skipping
Registering precompiled user dll's ...
Registered in 0.002664 seconds.
Begin MonoManager ReloadAssembly
Native extension for WindowsStandalone target not found
Native extension for WebGL target not found
Refreshing native plugins compatible for Editor in 0.25 ms, found 0 plugins.
Preloading 0 native plugins for Editor in 0.00 ms.
Invoked RoslynAnalysisRunner static constructor.
RoslynAnalysisRunner will not be running.
RoslynAnalysisRunner has terminated.
Mono: successfully reloaded assembly
- Completed reload, in  1.481 seconds
Platform modules already initialized, skipping
========================================================================
Worker process is ready to serve import requests
Launched and connected shader compiler UnityShaderCompiler.exe after 0.10 seconds
Refreshing native plugins compatible for Editor in 0.25 ms, found 0 plugins.
Preloading 0 native plugins for Editor in 0.00 ms.
Unloading 1132 Unused Serialized files (Serialized files now loaded: 0)
System memory in use before: 65.5 MB.
System memory in use after: 65.6 MB.

Unloading 12 unused Assets to reduce memory usage. Loaded Objects now: 1590.
Total: 2.375700 ms (FindLiveObjects: 0.168900 ms CreateObjectMapping: 0.141800 ms MarkObjects: 1.944700 ms  DeleteObjects: 0.119000 ms)

========================================================================
Received Import Request.
  path: Assets/Scripts/SizeOfSphere.cs
  artifactKey: Guid(420cb5be9a478554993ea9f02eacaebb) Importer(815301076,1909f56bfc062723c751e8b465ee728b)
Start importing Assets/Scripts/SizeOfSphere.cs using Guid(420cb5be9a478554993ea9f02eacaebb) Importer(815301076,1909f56bfc062723c751e8b465ee728b)  -> (artifact id: '46a6c0b6d9ba974f4e46ab2c79cc2d91') in 0.045313 seconds
  Import took 0.217204 seconds .

========================================================================
Received Prepare
Registering precompiled user dll's ...
Registered in 0.001607 seconds.
Begin MonoManager ReloadAssembly
Native extension for WindowsStandalone target not found
Native extension for WebGL target not found
Refreshing native plugins compatible for Editor in 0.40 ms, found 0 plugins.
Preloading 0 native plugins for Editor in 0.00 ms.
Invoked RoslynAnalysisRunner static constructor.
RoslynAnalysisRunner will not be running.
RoslynAnalysisRunner has terminated.
Mono: successfully reloaded assembly
- Completed reload, in  1.591 seconds
Platform modules already initialized, skipping
Refreshing native plugins compatible for Editor in 0.29 ms, found 0 plugins.
Preloading 0 native plugins for Editor in 0.00 ms.
Unloading 1126 Unused Serialized files (Serialized files now loaded: 0)
System memory in use before: 65.4 MB.
System memory in use after: 65.4 MB.

Unloading 7 unused Assets to reduce memory usage. Loaded Objects now: 1593.
Total: 1.790400 ms (FindLiveObjects: 0.173700 ms CreateObjectMapping: 0.043000 ms MarkObjects: 1.468500 ms  DeleteObjects: 0.104100 ms)

========================================================================
Received Prepare
Registering precompiled user dll's ...
Registered in 0.001971 seconds.
Begin MonoManager ReloadAssembly
Native extension for WindowsStandalone target not found
Native extension for WebGL target not found
Refreshing native plugins compatible for Editor in 0.27 ms, found 0 plugins.
Preloading 0 native plugins for Editor in 0.00 ms.
Invoked RoslynAnalysisRunner static constructor.
RoslynAnalysisRunner will not be running.
RoslynAnalysisRunner has terminated.
Mono: successfully reloaded assembly
- Completed reload, in  1.196 seconds
Platform modules already initialized, skipping
Refreshing native plugins compatible for Editor in 0.29 ms, found 0 plugins.
Preloading 0 native plugins for Editor in 0.00 ms.
Unloading 1126 Unused Serialized files (Serialized files now loaded: 0)
System memory in use before: 65.4 MB.
System memory in use after: 65.4 MB.

Unloading 7 unused Assets to reduce memory usage. Loaded Objects now: 1596.
Total: 2.427500 ms (FindLiveObjects: 0.131500 ms CreateObjectMapping: 0.038900 ms MarkObjects: 2.168200 ms  DeleteObjects: 0.087900 ms)

========================================================================
Received Import Request.
  Time since last request: 121.208407 seconds.
  path: Assets/Scripts/SizeOfSphere.cs
  artifactKey: Guid(420cb5be9a478554993ea9f02eacaebb) Importer(815301076,1909f56bfc062723c751e8b465ee728b)
Start importing Assets/Scripts/SizeOfSphere.cs using Guid(420cb5be9a478554993ea9f02eacaebb) Importer(815301076,1909f56bfc062723c751e8b465ee728b)  -> (artifact id: '1c6450d30678ac60fc1b0451709e9fe5') in 0.004844 seconds
  Import took 0.033702 seconds .

========================================================================
Received Import Request.
  Time since last request: 2.097218 seconds.
  path: Assets/Scripts/SizeOfSphere.cs
  artifactKey: Guid(420cb5be9a478554993ea9f02eacaebb) Importer(815301076,1909f56bfc062723c751e8b465ee728b)
Start importing Assets/Scripts/SizeOfSphere.cs using Guid(420cb5be9a478554993ea9f02eacaebb) Importer(815301076,1909f56bfc062723c751e8b465ee728b)  -> (artifact id: '1c6450d30678ac60fc1b0451709e9fe5') in 0.003318 seconds
  Import took 0.040787 seconds .

========================================================================
Received Prepare
Registering precompiled user dll's ...
Registered in 0.007195 seconds.
Begin MonoManager ReloadAssembly
Native extension for WindowsStandalone target not found
Native extension for WebGL target not found
Refreshing native plugins compatible for Editor in 0.30 ms, found 0 plugins.
Preloading 0 native plugins for Editor in 0.00 ms.
Invoked RoslynAnalysisRunner static constructor.
RoslynAnalysisRunner will not be running.
RoslynAnalysisRunner has terminated.
Mono: successfully reloaded assembly
- Completed reload, in  1.104 seconds
Platform modules already initialized, skipping
Refreshing native plugins compatible for Editor in 0.26 ms, found 0 plugins.
Preloading 0 native plugins for Editor in 0.00 ms.
Unloading 1126 Unused Serialized files (Serialized files now loaded: 0)
System memory in use before: 65.4 MB.
System memory in use after: 65.5 MB.

Unloading 7 unused Assets to reduce memory usage. Loaded Objects now: 1599.
Total: 2.299900 ms (FindLiveObjects: 0.133600 ms CreateObjectMapping: 0.038000 ms MarkObjects: 2.041000 ms  DeleteObjects: 0.086300 ms)

========================================================================
Received Import Request.
  Time since last request: 23.511464 seconds.
  path: Assets/Scripts/SizeOfSphere.cs
  artifactKey: Guid(420cb5be9a478554993ea9f02eacaebb) Importer(815301076,1909f56bfc062723c751e8b465ee728b)
Start importing Assets/Scripts/SizeOfSphere.cs using Guid(420cb5be9a478554993ea9f02eacaebb) Importer(815301076,1909f56bfc062723c751e8b465ee728b)  -> (artifact id: 'ab02fe940057667d6ad5e61d8426f852') in 0.004194 seconds
  Import took 0.055676 seconds .

========================================================================
Received Import Request.
  Time since last request: 2.062583 seconds.
  path: Assets/Scripts/SizeOfSphere.cs
  artifactKey: Guid(420cb5be9a478554993ea9f02eacaebb) Importer(815301076,1909f56bfc062723c751e8b465ee728b)
Start importing Assets/Scripts/SizeOfSphere.cs using Guid(420cb5be9a478554993ea9f02eacaebb) Importer(815301076,1909f56bfc062723c751e8b465ee728b)  -> (artifact id: 'ab02fe940057667d6ad5e61d8426f852') in 0.062186 seconds
  Import took 0.064526 seconds .

========================================================================
Received Prepare
Registering precompiled user dll's ...
Registered in 0.003909 seconds.
Begin MonoManager ReloadAssembly
Native extension for WindowsStandalone target not found
Native extension for WebGL target not found
Refreshing native plugins compatible for Editor in 0.37 ms, found 0 plugins.
Preloading 0 native plugins for Editor in 0.00 ms.
Invoked RoslynAnalysisRunner static constructor.
RoslynAnalysisRunner will not be running.
RoslynAnalysisRunner has terminated.
Mono: successfully reloaded assembly
- Completed reload, in  1.077 seconds
Platform modules already initialized, skipping
Refreshing native plugins compatible for Editor in 0.30 ms, found 0 plugins.
Preloading 0 native plugins for Editor in 0.00 ms.
Unloading 1126 Unused Serialized files (Serialized files now loaded: 0)
System memory in use before: 65.4 MB.
System memory in use after: 65.5 MB.

Unloading 7 unused Assets to reduce memory usage. Loaded Objects now: 1602.
Total: 3.305200 ms (FindLiveObjects: 0.365300 ms CreateObjectMapping: 0.056700 ms MarkObjects: 2.821500 ms  DeleteObjects: 0.060100 ms)

========================================================================
Received Import Request.
  Time since last request: 56.602264 seconds.
  path: Assets/Scripts/SizeOfSphere.cs
  artifactKey: Guid(420cb5be9a478554993ea9f02eacaebb) Importer(815301076,1909f56bfc062723c751e8b465ee728b)
Start importing Assets/Scripts/SizeOfSphere.cs using Guid(420cb5be9a478554993ea9f02eacaebb) Importer(815301076,1909f56bfc062723c751e8b465ee728b)  -> (artifact id: '794abd66cd203d40d5847c8d1e89cc6e') in 0.021236 seconds
  Import took 0.072518 seconds .

========================================================================
Received Import Request.
  Time since last request: 2.129618 seconds.
  path: Assets/Scripts/SizeOfSphere.cs
  artifactKey: Guid(420cb5be9a478554993ea9f02eacaebb) Importer(815301076,1909f56bfc062723c751e8b465ee728b)
Start importing Assets/Scripts/SizeOfSphere.cs using Guid(420cb5be9a478554993ea9f02eacaebb) Importer(815301076,1909f56bfc062723c751e8b465ee728b)  -> (artifact id: '794abd66cd203d40d5847c8d1e89cc6e') in 0.003147 seconds
  Import took 0.005727 seconds .

========================================================================
Received Prepare
Registering precompiled user dll's ...
Registered in 0.004048 seconds.
Begin MonoManager ReloadAssembly
Native extension for WindowsStandalone target not found
Native extension for WebGL target not found
Refreshing native plugins compatible for Editor in 0.23 ms, found 0 plugins.
Preloading 0 native plugins for Editor in 0.00 ms.
Invoked RoslynAnalysisRunner static constructor.
RoslynAnalysisRunner will not be running.
RoslynAnalysisRunner has terminated.
Mono: successfully reloaded assembly
- Completed reload, in  1.117 seconds
Platform modules already initialized, skipping
Refreshing native plugins compatible for Editor in 0.27 ms, found 0 plugins.
Preloading 0 native plugins for Editor in 0.00 ms.
Unloading 1126 Unused Serialized files (Serialized files now loaded: 0)
System memory in use before: 65.4 MB.
System memory in use after: 65.5 MB.

Unloading 7 unused Assets to reduce memory usage. Loaded Objects now: 1605.
Total: 2.755800 ms (FindLiveObjects: 0.276000 ms CreateObjectMapping: 0.057700 ms MarkObjects: 2.337400 ms  DeleteObjects: 0.083600 ms)

========================================================================
Received Import Request.
  Time since last request: 186.354391 seconds.
  path: Assets/Scripts/SizeOfSphere.cs
  artifactKey: Guid(420cb5be9a478554993ea9f02eacaebb) Importer(815301076,1909f56bfc062723c751e8b465ee728b)
Start importing Assets/Scripts/SizeOfSphere.cs using Guid(420cb5be9a478554993ea9f02eacaebb) Importer(815301076,1909f56bfc062723c751e8b465ee728b)  -> (artifact id: '2081678c263a8ed2e85ed338a7056172') in 0.004712 seconds
  Import took 0.007651 seconds .

========================================================================
Received Prepare
Registering precompiled user dll's ...
Registered in 0.005412 seconds.
Begin MonoManager ReloadAssembly
Native extension for WindowsStandalone target not found
Native extension for WebGL target not found
Refreshing native plugins compatible for Editor in 0.23 ms, found 0 plugins.
Preloading 0 native plugins for Editor in 0.00 ms.
Invoked RoslynAnalysisRunner static constructor.
RoslynAnalysisRunner will not be running.
RoslynAnalysisRunner has terminated.
Mono: successfully reloaded assembly
- Completed reload, in  1.089 seconds
Platform modules already initialized, skipping
Refreshing native plugins compatible for Editor in 0.33 ms, found 0 plugins.
Preloading 0 native plugins for Editor in 0.00 ms.
Unloading 1126 Unused Serialized files (Serialized files now loaded: 0)
System memory in use before: 65.4 MB.
System memory in use after: 65.5 MB.

Unloading 7 unused Assets to reduce memory usage. Loaded Objects now: 1608.
Total: 2.165600 ms (FindLiveObjects: 0.133500 ms CreateObjectMapping: 0.036800 ms MarkObjects: 1.916600 ms  DeleteObjects: 0.077300 ms)

========================================================================
Received Import Request.
  Time since last request: 59.960219 seconds.
  path: Assets/Scripts/SizeOfSphere.cs
  artifactKey: Guid(420cb5be9a478554993ea9f02eacaebb) Importer(815301076,1909f56bfc062723c751e8b465ee728b)
Start importing Assets/Scripts/SizeOfSphere.cs using Guid(420cb5be9a478554993ea9f02eacaebb) Importer(815301076,1909f56bfc062723c751e8b465ee728b)  -> (artifact id: 'eca8b542e52d8707991ad678648a4b02') in 0.004947 seconds
  Import took 0.007815 seconds .

========================================================================
Received Import Request.
  Time since last request: 2.065388 seconds.
  path: Assets/Scripts/SizeOfSphere.cs
  artifactKey: Guid(420cb5be9a478554993ea9f02eacaebb) Importer(815301076,1909f56bfc062723c751e8b465ee728b)
Start importing Assets/Scripts/SizeOfSphere.cs using Guid(420cb5be9a478554993ea9f02eacaebb) Importer(815301076,1909f56bfc062723c751e8b465ee728b)  -> (artifact id: 'eca8b542e52d8707991ad678648a4b02') in 0.003285 seconds
  Import took 0.005514 seconds .

========================================================================
Received Prepare
Registering precompiled user dll's ...
Registered in 0.001890 seconds.
Begin MonoManager ReloadAssembly
Native extension for WindowsStandalone target not found
Native extension for WebGL target not found
Refreshing native plugins compatible for Editor in 0.23 ms, found 0 plugins.
Preloading 0 native plugins for Editor in 0.00 ms.
Invoked RoslynAnalysisRunner static constructor.
RoslynAnalysisRunner will not be running.
RoslynAnalysisRunner has terminated.
Mono: successfully reloaded assembly
- Completed reload, in  1.152 seconds
Platform modules already initialized, skipping
Refreshing native plugins compatible for Editor in 0.32 ms, found 0 plugins.
Preloading 0 native plugins for Editor in 0.00 ms.
Unloading 1126 Unused Serialized files (Serialized files now loaded: 0)
System memory in use before: 65.5 MB.
System memory in use after: 65.5 MB.

Unloading 7 unused Assets to reduce memory usage. Loaded Objects now: 1611.
Total: 2.413100 ms (FindLiveObjects: 0.205300 ms CreateObjectMapping: 0.036900 ms MarkObjects: 2.108700 ms  DeleteObjects: 0.060700 ms)

========================================================================
Received Import Request.
  Time since last request: 26.106059 seconds.
  path: Assets/Scripts/SizeOfSphere.cs
  artifactKey: Guid(420cb5be9a478554993ea9f02eacaebb) Importer(815301076,1909f56bfc062723c751e8b465ee728b)
Start importing Assets/Scripts/SizeOfSphere.cs using Guid(420cb5be9a478554993ea9f02eacaebb) Importer(815301076,1909f56bfc062723c751e8b465ee728b)  -> (artifact id: '688b9a0af4ac1b9744936343b9276c60') in 0.005515 seconds
  Import took 0.071573 seconds .

========================================================================
Received Prepare
Registering precompiled user dll's ...
Registered in 0.002887 seconds.
Begin MonoManager ReloadAssembly
Native extension for WindowsStandalone target not found
Native extension for WebGL target not found
Refreshing native plugins compatible for Editor in 0.24 ms, found 0 plugins.
Preloading 0 native plugins for Editor in 0.00 ms.
Invoked RoslynAnalysisRunner static constructor.
RoslynAnalysisRunner will not be running.
RoslynAnalysisRunner has terminated.
Mono: successfully reloaded assembly
- Completed reload, in  1.134 seconds
Platform modules already initialized, skipping
Refreshing native plugins compatible for Editor in 0.34 ms, found 0 plugins.
Preloading 0 native plugins for Editor in 0.00 ms.
Unloading 1126 Unused Serialized files (Serialized files now loaded: 0)
System memory in use before: 65.5 MB.
System memory in use after: 65.5 MB.

Unloading 7 unused Assets to reduce memory usage. Loaded Objects now: 1614.
Total: 2.386200 ms (FindLiveObjects: 0.174100 ms CreateObjectMapping: 0.045300 ms MarkObjects: 2.088000 ms  DeleteObjects: 0.077600 ms)

========================================================================
Received Import Request.
  Time since last request: 129.573585 seconds.
  path: Assets/Scripts/SizeOfSphere.cs
  artifactKey: Guid(420cb5be9a478554993ea9f02eacaebb) Importer(815301076,1909f56bfc062723c751e8b465ee728b)
Start importing Assets/Scripts/SizeOfSphere.cs using Guid(420cb5be9a478554993ea9f02eacaebb) Importer(815301076,1909f56bfc062723c751e8b465ee728b)  -> (artifact id: '1a342fba88baf5609e705c1bbfafb278') in 0.004916 seconds
  Import took 0.022439 seconds .

========================================================================
Received Prepare
Registering precompiled user dll's ...
Registered in 0.001687 seconds.
Begin MonoManager ReloadAssembly
Native extension for WindowsStandalone target not found
Native extension for WebGL target not found
Refreshing native plugins compatible for Editor in 0.23 ms, found 0 plugins.
Preloading 0 native plugins for Editor in 0.00 ms.
Invoked RoslynAnalysisRunner static constructor.
RoslynAnalysisRunner will not be running.
RoslynAnalysisRunner has terminated.
Mono: successfully reloaded assembly
- Completed reload, in  1.110 seconds
Platform modules already initialized, skipping
Refreshing native plugins compatible for Editor in 0.27 ms, found 0 plugins.
Preloading 0 native plugins for Editor in 0.00 ms.
Unloading 1126 Unused Serialized files (Serialized files now loaded: 0)
System memory in use before: 65.5 MB.
System memory in use after: 65.5 MB.

Unloading 7 unused Assets to reduce memory usage. Loaded Objects now: 1617.
Total: 1.967900 ms (FindLiveObjects: 0.152800 ms CreateObjectMapping: 0.062100 ms MarkObjects: 1.660200 ms  DeleteObjects: 0.091700 ms)

========================================================================
Received Import Request.
  Time since last request: 30.900759 seconds.
  path: Assets/Scripts/SizeOfSphere.cs
  artifactKey: Guid(420cb5be9a478554993ea9f02eacaebb) Importer(815301076,1909f56bfc062723c751e8b465ee728b)
Start importing Assets/Scripts/SizeOfSphere.cs using Guid(420cb5be9a478554993ea9f02eacaebb) Importer(815301076,1909f56bfc062723c751e8b465ee728b)  -> (artifact id: '250d9ef9f84798328eba1d786231f693') in 0.005153 seconds
  Import took 0.022934 seconds .

========================================================================
Received Prepare
Registering precompiled user dll's ...
Registered in 0.001954 seconds.
Begin MonoManager ReloadAssembly
Native extension for WindowsStandalone target not found
Native extension for WebGL target not found
Refreshing native plugins compatible for Editor in 0.32 ms, found 0 plugins.
Preloading 0 native plugins for Editor in 0.00 ms.
Invoked RoslynAnalysisRunner static constructor.
RoslynAnalysisRunner will not be running.
RoslynAnalysisRunner has terminated.
Mono: successfully reloaded assembly
- Completed reload, in  1.110 seconds
Platform modules already initialized, skipping
Refreshing native plugins compatible for Editor in 0.26 ms, found 0 plugins.
Preloading 0 native plugins for Editor in 0.00 ms.
Unloading 1126 Unused Serialized files (Serialized files now loaded: 0)
System memory in use before: 65.5 MB.
System memory in use after: 65.5 MB.

Unloading 7 unused Assets to reduce memory usage. Loaded Objects now: 1620.
Total: 2.869100 ms (FindLiveObjects: 0.248000 ms CreateObjectMapping: 0.055200 ms MarkObjects: 2.465100 ms  DeleteObjects: 0.099400 ms)

========================================================================
Received Import Request.
  Time since last request: 59.662529 seconds.
  path: Assets/Scripts/SizeOfSphere.cs
  artifactKey: Guid(420cb5be9a478554993ea9f02eacaebb) Importer(815301076,1909f56bfc062723c751e8b465ee728b)
Start importing Assets/Scripts/SizeOfSphere.cs using Guid(420cb5be9a478554993ea9f02eacaebb) Importer(815301076,1909f56bfc062723c751e8b465ee728b)  -> (artifact id: 'a66ced159cc85cdf8f56fd14dc612ec4') in 0.005062 seconds
  Import took 0.031990 seconds .

========================================================================
Received Prepare
Registering precompiled user dll's ...
Registered in 0.001794 seconds.
Begin MonoManager ReloadAssembly
Native extension for WindowsStandalone target not found
Native extension for WebGL target not found
Refreshing native plugins compatible for Editor in 0.25 ms, found 0 plugins.
Preloading 0 native plugins for Editor in 0.00 ms.
Invoked RoslynAnalysisRunner static constructor.
RoslynAnalysisRunner will not be running.
RoslynAnalysisRunner has terminated.
Mono: successfully reloaded assembly
- Completed reload, in  1.111 seconds
Platform modules already initialized, skipping
Refreshing native plugins compatible for Editor in 0.27 ms, found 0 plugins.
Preloading 0 native plugins for Editor in 0.00 ms.
Unloading 1126 Unused Serialized files (Serialized files now loaded: 0)
System memory in use before: 65.5 MB.
System memory in use after: 65.5 MB.

Unloading 7 unused Assets to reduce memory usage. Loaded Objects now: 1623.
Total: 2.177100 ms (FindLiveObjects: 0.210200 ms CreateObjectMapping: 0.051400 ms MarkObjects: 1.813900 ms  DeleteObjects: 0.099900 ms)

========================================================================
Received Import Request.
  Time since last request: 576.052446 seconds.
  path: Assets/Scripts/SizeOfSphere.cs
  artifactKey: Guid(420cb5be9a478554993ea9f02eacaebb) Importer(815301076,1909f56bfc062723c751e8b465ee728b)
Start importing Assets/Scripts/SizeOfSphere.cs using Guid(420cb5be9a478554993ea9f02eacaebb) Importer(815301076,1909f56bfc062723c751e8b465ee728b)  -> (artifact id: '5e1a3e20a2c0ef432ce6b4fc270fec00') in 0.005259 seconds
  Import took 0.016900 seconds .

========================================================================
Received Prepare
Registering precompiled user dll's ...
Registered in 0.001873 seconds.
Begin MonoManager ReloadAssembly
Native extension for WindowsStandalone target not found
Native extension for WebGL target not found
Refreshing native plugins compatible for Editor in 0.31 ms, found 0 plugins.
Preloading 0 native plugins for Editor in 0.00 ms.
Invoked RoslynAnalysisRunner static constructor.
RoslynAnalysisRunner will not be running.
RoslynAnalysisRunner has terminated.
Mono: successfully reloaded assembly
- Completed reload, in  1.226 seconds
Platform modules already initialized, skipping
Refreshing native plugins compatible for Editor in 0.26 ms, found 0 plugins.
Preloading 0 native plugins for Editor in 0.00 ms.
Unloading 1126 Unused Serialized files (Serialized files now loaded: 0)
System memory in use before: 65.5 MB.
System memory in use after: 65.6 MB.

Unloading 7 unused Assets to reduce memory usage. Loaded Objects now: 1626.
Total: 2.652500 ms (FindLiveObjects: 0.269600 ms CreateObjectMapping: 0.063600 ms MarkObjects: 2.132600 ms  DeleteObjects: 0.185500 ms)

========================================================================
Received Prepare
Registering precompiled user dll's ...
Registered in 0.001751 seconds.
Begin MonoManager ReloadAssembly
Native extension for WindowsStandalone target not found
Native extension for WebGL target not found
Refreshing native plugins compatible for Editor in 0.27 ms, found 0 plugins.
Preloading 0 native plugins for Editor in 0.00 ms.
Invoked RoslynAnalysisRunner static constructor.
RoslynAnalysisRunner will not be running.
RoslynAnalysisRunner has terminated.
Mono: successfully reloaded assembly
- Completed reload, in  1.186 seconds
Platform modules already initialized, skipping
Refreshing native plugins compatible for Editor in 0.25 ms, found 0 plugins.
Preloading 0 native plugins for Editor in 0.00 ms.
Unloading 1126 Unused Serialized files (Serialized files now loaded: 0)
System memory in use before: 65.5 MB.
System memory in use after: 65.6 MB.

Unloading 7 unused Assets to reduce memory usage. Loaded Objects now: 1629.
Total: 2.243400 ms (FindLiveObjects: 0.148100 ms CreateObjectMapping: 0.041800 ms MarkObjects: 1.979100 ms  DeleteObjects: 0.072900 ms)

========================================================================
Received Import Request.
  Time since last request: 7157.661417 seconds.
  path: Assets/Scripts/SizeOfSphere.cs
  artifactKey: Guid(420cb5be9a478554993ea9f02eacaebb) Importer(815301076,1909f56bfc062723c751e8b465ee728b)
Start importing Assets/Scripts/SizeOfSphere.cs using Guid(420cb5be9a478554993ea9f02eacaebb) Importer(815301076,1909f56bfc062723c751e8b465ee728b)  -> (artifact id: 'd9e5f24f1e49471c275a17ac3ffb9fef') in 0.005276 seconds
  Import took 0.033832 seconds .

========================================================================
Received Prepare
Registering precompiled user dll's ...
Registered in 0.002251 seconds.
Begin MonoManager ReloadAssembly
Native extension for WindowsStandalone target not found
Native extension for WebGL target not found
Refreshing native plugins compatible for Editor in 0.47 ms, found 0 plugins.
Preloading 0 native plugins for Editor in 0.00 ms.
Invoked RoslynAnalysisRunner static constructor.
RoslynAnalysisRunner will not be running.
RoslynAnalysisRunner has terminated.
Mono: successfully reloaded assembly
- Completed reload, in  1.998 seconds
Platform modules already initialized, skipping
Refreshing native plugins compatible for Editor in 0.61 ms, found 0 plugins.
Preloading 0 native plugins for Editor in 0.00 ms.
Unloading 1126 Unused Serialized files (Serialized files now loaded: 0)
System memory in use before: 65.5 MB.
System memory in use after: 65.6 MB.

Unloading 7 unused Assets to reduce memory usage. Loaded Objects now: 1632.
Total: 2.957300 ms (FindLiveObjects: 0.474300 ms CreateObjectMapping: 0.153600 ms MarkObjects: 2.221500 ms  DeleteObjects: 0.103200 ms)

========================================================================
Received Prepare
Registering precompiled user dll's ...
Registered in 0.001785 seconds.
Begin MonoManager ReloadAssembly
Native extension for WindowsStandalone target not found
Native extension for WebGL target not found
Refreshing native plugins compatible for Editor in 0.23 ms, found 0 plugins.
Preloading 0 native plugins for Editor in 0.00 ms.
Invoked RoslynAnalysisRunner static constructor.
RoslynAnalysisRunner will not be running.
RoslynAnalysisRunner has terminated.
Mono: successfully reloaded assembly
- Completed reload, in  1.067 seconds
Platform modules already initialized, skipping
Refreshing native plugins compatible for Editor in 0.25 ms, found 0 plugins.
Preloading 0 native plugins for Editor in 0.00 ms.
Unloading 1126 Unused Serialized files (Serialized files now loaded: 0)
System memory in use before: 65.5 MB.
System memory in use after: 65.6 MB.

Unloading 7 unused Assets to reduce memory usage. Loaded Objects now: 1635.
Total: 2.548900 ms (FindLiveObjects: 0.220300 ms CreateObjectMapping: 0.033900 ms MarkObjects: 2.175300 ms  DeleteObjects: 0.104400 ms)

========================================================================
Received Import Request.
  Time since last request: 4349.588113 seconds.
  path: Assets/Scripts/SizeOfSphere.cs
  artifactKey: Guid(420cb5be9a478554993ea9f02eacaebb) Importer(815301076,1909f56bfc062723c751e8b465ee728b)
Start importing Assets/Scripts/SizeOfSphere.cs using Guid(420cb5be9a478554993ea9f02eacaebb) Importer(815301076,1909f56bfc062723c751e8b465ee728b)  -> (artifact id: 'e1d2c8a7140975b0b88e7ce3612c518e') in 0.005508 seconds
  Import took 0.018740 seconds .

========================================================================
Received Prepare
Refreshing native plugins compatible for Editor in 1.40 ms, found 0 plugins.
Preloading 0 native plugins for Editor in 0.00 ms.
Unloading 5 Unused Serialized files (Serialized files now loaded: 0)
System memory in use before: 43.3 MB.
System memory in use after: 43.3 MB.

Unloading 5 unused Assets to reduce memory usage. Loaded Objects now: 1635.
Total: 3.130400 ms (FindLiveObjects: 0.157000 ms CreateObjectMapping: 0.039800 ms MarkObjects: 2.867700 ms  DeleteObjects: 0.064400 ms)

AssetImportWorkerClient::OnTransportError - code=2 error=End of file
